<?xml version="1.0" encoding="UTF-8"?>
<!-- Generated by org.testng.reporters.JUnitXMLReporter -->
<testsuite ignored="0" hostname="Ashvin" failures="0" tests="3" name="crometest" time="13.78" errors="0" timestamp="2025-06-20T11:47:58 IST">
  <testcase classname="com.frameworkTests.crossBroswerTesting" name="testLogo" time="0.385"/>
  <testcase classname="com.frameworkTests.crossBroswerTesting" name="testTitle" time="0.038"/>
  <testcase classname="com.frameworkTests.crossBroswerTesting" name="testUrl" time="0.051"/>
</testsuite> <!-- crometest -->
