<?xml version="1.0" encoding="UTF-8"?>
<!-- Generated by org.testng.reporters.JUnitXMLReporter -->
<testsuite ignored="0" hostname="Ashvin" failures="0" tests="3" name="CrossBrowserTest" time="6.256" errors="0" timestamp="2025-06-20T11:28:55 IST">
  <testcase classname="com.frameworkTests.crossBroswerTesting" name="testLogo" time="0.097"/>
  <testcase classname="com.frameworkTests.crossBroswerTesting" name="testTitle" time="0.012"/>
  <testcase classname="com.frameworkTests.crossBroswerTesting" name="testUrl" time="0.011"/>
</testsuite> <!-- CrossBrowserTest -->
