<?xml version="1.0" encoding="UTF-8"?>
<!-- Generated by org.testng.reporters.JUnitXMLReporter -->
<testsuite ignored="0" hostname="Ashvin" failures="0" tests="3" name="edgetest" time="21.087" errors="0" timestamp="2025-06-20T11:48:05 IST">
  <testcase classname="com.frameworkTests.crossBroswerTesting" name="testLogo" time="0.2"/>
  <testcase classname="com.frameworkTests.crossBroswerTesting" name="testTitle" time="0.01"/>
  <testcase classname="com.frameworkTests.crossBroswerTesting" name="testUrl" time="0.025"/>
</testsuite> <!-- edgetest -->
