<?xml version="1.0" encoding="UTF-8"?>
<!-- Generated by org.testng.reporters.JUnitXMLReporter -->
<testsuite ignored="0" hostname="Ashvin" failures="0" tests="3" name="firefoxtest" time="24.266" errors="0" timestamp="2025-06-20T11:48:08 IST">
  <testcase classname="com.frameworkTests.crossBroswerTesting" name="testLogo" time="0.096"/>
  <testcase classname="com.frameworkTests.crossBroswerTesting" name="testTitle" time="0.006"/>
  <testcase classname="com.frameworkTests.crossBroswerTesting" name="testUrl" time="0.006"/>
</testsuite> <!-- firefoxtest -->
