<?xml version="1.0" encoding="UTF-8"?>
<!-- Generated by org.testng.reporters.JUnitXMLReporter -->
<testsuite ignored="0" hostname="Ashvin" failures="0" tests="10" name="testAll" time="16.374" errors="0" timestamp="2025-06-18T18:42:50 IST">
  <testcase classname="com.frameworkTests.myTestCases" name="firstOne" time="0.007"/>
  <testcase classname="com.frameworkTests.firstTestcase" name="login" time="0.798"/>
  <testcase classname="com.frameworkTests.firstTestcase" name="logOut" time="0.576"/>
  <testcase classname="dataDrivenTesting.myDrivenTest" name="deleverableProduct" time="0.001"/>
  <testcase classname="dataDrivenTesting.myDrivenTest" name="deleverableProduct" time="0.0"/>
  <testcase classname="dataDrivenTesting.myDrivenTest" name="deleverableProduct" time="0.0"/>
  <testcase classname="dataDrivenTesting.myDrivenTest" name="deleverableProduct" time="0.007"/>
  <testcase classname="dataDrivenTesting.myDrivenTest" name="notDeleverableProduct" time="0.001"/>
  <testcase classname="readingFileFromExcel.readingUsingPoi" name="readFile" time="1.775"/>
  <testcase classname="readingFileFromExcel.readDataFromExceSheet" name="s1" time="2.415"/>
</testsuite> <!-- testAll -->
