<?xml version="1.0" encoding="UTF-8"?>
<!-- Generated by org.testng.reporters.JUnitXMLReporter -->
<testsuite ignored="0" hostname="Ashvin" failures="0" tests="3" name="TestParellel" time="15.776" errors="0" timestamp="2025-06-20T10:40:22 IST">
  <testcase classname="com.frameworkTests.parelleTesting" name="testLogo" time="0.086"/>
  <testcase classname="com.frameworkTests.parelleTesting" name="testTitle" time="0.016"/>
  <testcase classname="com.frameworkTests.parelleTesting" name="testUrl" time="0.026"/>
</testsuite> <!-- TestParellel -->
