<?xml version="1.0" encoding="UTF-8"?>
<!-- Generated by org.testng.reporters.JUnitXMLReporter -->
<testsuite ignored="0" hostname="Ashvin" failures="0" tests="6" name="Test" time="10.42" errors="0" timestamp="2025-06-20T11:19:18 IST">
  <testcase classname="com.frameworkTests.myTestCases" name="firstOne" time="0.006"/>
  <testcase classname="com.frameworkTests.parellelTesting" name="testLogo" time="0.053"/>
  <testcase classname="com.frameworkTests.parellelTesting" name="testTitle" time="0.015"/>
  <testcase classname="com.frameworkTests.parellelTesting" name="testUrl" time="0.014"/>
  <testcase classname="com.frameworkTests.firstTestcase" name="login" time="0.407"/>
  <testcase classname="com.frameworkTests.firstTestcase" name="logOut" time="1.041"/>
</testsuite> <!-- Test -->
