<?xml version="1.0" encoding="UTF-8"?>
<!-- Generated by org.testng.reporters.JUnitXMLReporter -->
<testsuite ignored="0" hostname="Ashvin" failures="0" tests="3" name="Test1" time="11.412" errors="0" timestamp="2025-06-16T17:14:49 IST">
  <testcase classname="com.frameworkTests.myTestCases" name="firstOne" time="0.006"/>
  <testcase classname="com.frameworkTests.firstTestcase" name="login" time="0.789"/>
  <testcase classname="com.frameworkTests.firstTestcase" name="logOut" time="0.44"/>
</testsuite> <!-- Test1 -->
