<?xml version="1.0" encoding="UTF-8"?>
<testng-results ignored="0" total="1" passed="1" failed="0" skipped="0">
  <reporter-output>
  </reporter-output>
  <suite started-at="2025-06-20T21:49:04 IST" name="Default suite" finished-at="2025-06-20T21:49:11 IST" duration-ms="6809">
    <groups>
    </groups>
    <test started-at="2025-06-20T21:49:04 IST" name="Default test" finished-at="2025-06-20T21:49:11 IST" duration-ms="6809">
      <class name="com.pomFramework.loginTest">
        <test-method is-config="true" signature="setUp()[pri:0, instance:com.pomFramework.loginTest@644baf4a]" started-at="2025-06-20T21:49:04 IST" name="setUp" finished-at="2025-06-20T21:49:11 IST" duration-ms="6146" status="PASS">
          <reporter-output>
          </reporter-output>
        </test-method> <!-- setUp -->
        <test-method signature="loginTest()[pri:0, instance:com.pomFramework.loginTest@644baf4a]" started-at="2025-06-20T21:49:11 IST" name="loginTest" finished-at="2025-06-20T21:49:11 IST" duration-ms="360" status="PASS">
          <reporter-output>
          </reporter-output>
        </test-method> <!-- loginTest -->
        <test-method is-config="true" signature="tearDown()[pri:0, instance:com.pomFramework.loginTest@644baf4a]" started-at="2025-06-20T21:49:11 IST" name="tearDown" finished-at="2025-06-20T21:49:11 IST" duration-ms="229" status="PASS">
          <reporter-output>
          </reporter-output>
        </test-method> <!-- tearDown -->
      </class> <!-- com.pomFramework.loginTest -->
    </test> <!-- Default test -->
  </suite> <!-- Default suite -->
</testng-results>
